<?xml version="1.0" encoding="UTF-8"?>
<!-- Generated by org.testng.reporters.JUnitReportReporter -->
<testsuite skipped="0" hostname="RSI1548" name="br.com.rsinet.hub_tdd.testes.CenarioDeCadastroComErro" tests="1" failures="0" timestamp="2020-01-19T12:30:06 BRT" time="12.813" errors="0">
  <testcase name="deveCadastrarUmUsuarioComErro" time="12.813" classname="br.com.rsinet.hub_tdd.testes.CenarioDeCadastroComErro"/>
</testsuite> <!-- br.com.rsinet.hub_tdd.testes.CenarioDeCadastroComErro -->
