<?xml version="1.0" encoding="UTF-8"?>
<!-- Generated by org.testng.reporters.JUnitReportReporter -->
<testsuite skipped="0" hostname="RSI1548" name="br.com.rsinet.hub_tdd.testes.CadastrarTeste" tests="1" failures="0" timestamp="2020-01-16T19:25:12 BRT" time="30.023" errors="0">
  <testcase name="cadastrando" time="30.023" classname="br.com.rsinet.hub_tdd.testes.CadastrarTeste"/>
</testsuite> <!-- br.com.rsinet.hub_tdd.testes.CadastrarTeste -->
