<?xml version="1.0" encoding="UTF-8"?>
<!-- Generated by org.testng.reporters.JUnitReportReporter -->
<testsuite skipped="0" hostname="RSI1548" name="br.com.rsinet.hub_tdd.testesNegativos.CenarioDeCadastroComErro" tests="1" failures="0" timestamp="2020-01-21T23:12:21 BRT" time="16.297" errors="0">
  <testcase name="deveCadastrarUmUsuarioComErro" time="16.297" classname="br.com.rsinet.hub_tdd.testesNegativos.CenarioDeCadastroComErro"/>
</testsuite> <!-- br.com.rsinet.hub_tdd.testesNegativos.CenarioDeCadastroComErro -->
