<?xml version="1.0" encoding="UTF-8"?>
<!-- Generated by org.testng.reporters.JUnitReportReporter -->
<testsuite skipped="0" hostname="RSI1548" name="br.com.rsinet.hub_tdd.testesPositivos.CenarioDeBuscaDeProdutoPelaLupaComSucesso" tests="1" failures="0" timestamp="2020-01-21T23:25:59 BRT" time="14.816" errors="0">
  <testcase name="deveBuscarUmProdutoPelaLupa" time="14.816" classname="br.com.rsinet.hub_tdd.testesPositivos.CenarioDeBuscaDeProdutoPelaLupaComSucesso"/>
</testsuite> <!-- br.com.rsinet.hub_tdd.testesPositivos.CenarioDeBuscaDeProdutoPelaLupaComSucesso -->
