<?xml version="1.0" encoding="UTF-8"?>
<!-- Generated by org.testng.reporters.JUnitReportReporter -->
<testsuite skipped="0" hostname="RSI1548" name="br.com.rsinet.hub_tdd.testes.CadastrarTesteComErro" tests="1" failures="0" timestamp="2020-01-17T15:28:14 BRT" time="11.901" errors="0">
  <testcase name="deveCadastrarUmUsuarioComErro" time="11.901" classname="br.com.rsinet.hub_tdd.testes.CadastrarTesteComErro"/>
</testsuite> <!-- br.com.rsinet.hub_tdd.testes.CadastrarTesteComErro -->
