<?xml version="1.0" encoding="UTF-8"?>
<!-- Generated by org.testng.reporters.JUnitReportReporter -->
<testsuite skipped="0" hostname="RSI1548" name="br.com.rsinet.hub_tdd.testes.CadastrarTesteComSucesso" tests="1" failures="0" timestamp="2020-01-17T15:12:08 BRT" time="12.272" errors="0">
  <testcase name="deveCadastrarUmUsuarioComSucesso" time="12.272" classname="br.com.rsinet.hub_tdd.testes.CadastrarTesteComSucesso"/>
</testsuite> <!-- br.com.rsinet.hub_tdd.testes.CadastrarTesteComSucesso -->
