<?xml version="1.0" encoding="UTF-8"?>
<!-- Generated by org.testng.reporters.JUnitReportReporter -->
<testsuite skipped="0" hostname="RSI1548" name="br.com.rsinet.hub_tdd.testesNegativos.CenarioDeBuscaDeProdutoPelaLupaComErro" tests="1" failures="0" timestamp="2020-01-21T23:27:51 BRT" time="15.534" errors="0">
  <testcase name="deveBuscarUmProdutoPelaLupa" time="15.534" classname="br.com.rsinet.hub_tdd.testesNegativos.CenarioDeBuscaDeProdutoPelaLupaComErro"/>
</testsuite> <!-- br.com.rsinet.hub_tdd.testesNegativos.CenarioDeBuscaDeProdutoPelaLupaComErro -->
