<?xml version="1.0" encoding="UTF-8"?>
<!-- Generated by org.testng.reporters.JUnitReportReporter -->
<testsuite skipped="0" hostname="RSI1548" name="br.com.rsinet.hub_tdd.testes.CenarioDeBuscaPelaTelaIncialComErro" tests="1" failures="0" timestamp="2020-01-19T13:21:15 BRT" time="15.937" errors="0">
  <testcase name="BuscandoTeste" time="15.937" classname="br.com.rsinet.hub_tdd.testes.CenarioDeBuscaPelaTelaIncialComErro"/>
</testsuite> <!-- br.com.rsinet.hub_tdd.testes.CenarioDeBuscaPelaTelaIncialComErro -->
