<?xml version="1.0" encoding="UTF-8"?>
<!-- Generated by org.testng.reporters.JUnitReportReporter -->
<testsuite skipped="0" hostname="RSI1548" name="br.com.rsinet.hub_tdd.testesNegativos.CenarioDeBuscaDeProdutoPelaLupaComErro" tests="1" failures="0" timestamp="2020-01-24T16:25:19 BRT" time="16.813" errors="0">
  <testcase name="deveBuscarUmProdutoPelaLupa" time="16.813" classname="br.com.rsinet.hub_tdd.testesNegativos.CenarioDeBuscaDeProdutoPelaLupaComErro"/>
</testsuite> <!-- br.com.rsinet.hub_tdd.testesNegativos.CenarioDeBuscaDeProdutoPelaLupaComErro -->
