<?xml version="1.0" encoding="UTF-8"?>
<!-- Generated by org.testng.reporters.JUnitReportReporter -->
<testsuite skipped="0" hostname="RSI1548" name="br.com.rsinet.hub_tdd.testes.BuscarLupaTeste" tests="1" failures="0" timestamp="2020-01-16T20:23:31 BRT" time="28.321" errors="0">
  <testcase name="BuscarTeste" time="28.321" classname="br.com.rsinet.hub_tdd.testes.BuscarLupaTeste"/>
</testsuite> <!-- br.com.rsinet.hub_tdd.testes.BuscarLupaTeste -->
