<?xml version="1.0" encoding="UTF-8"?>
<!-- Generated by org.testng.reporters.JUnitReportReporter -->
<testsuite skipped="0" hostname="RSI1548" name="br.com.rsinet.hub_tdd.testes.BuscaPelaTelaIncialTeste" tests="1" failures="0" timestamp="2020-01-14T22:53:43 BRT" time="14.779" errors="0">
  <testcase name="BuscandoTeste" time="14.779" classname="br.com.rsinet.hub_tdd.testes.BuscaPelaTelaIncialTeste"/>
</testsuite> <!-- br.com.rsinet.hub_tdd.testes.BuscaPelaTelaIncialTeste -->
