<?xml version="1.0" encoding="UTF-8"?>
<!-- Generated by org.testng.reporters.JUnitReportReporter -->
<testsuite skipped="0" hostname="RSI1548" name="br.com.rsinet.hub_tdd.testesNegativos.CenarioDeBuscaPelaTelaIncialComErro" tests="1" failures="0" timestamp="2020-01-21T23:18:44 BRT" time="13.356" errors="0">
  <testcase name="BuscandoTeste" time="13.356" classname="br.com.rsinet.hub_tdd.testesNegativos.CenarioDeBuscaPelaTelaIncialComErro"/>
</testsuite> <!-- br.com.rsinet.hub_tdd.testesNegativos.CenarioDeBuscaPelaTelaIncialComErro -->
