<?xml version="1.0" encoding="UTF-8"?>
<!-- Generated by org.testng.reporters.JUnitReportReporter -->
<testsuite skipped="0" hostname="RSI1548" name="br.com.rsinet.hub_tdd.testes.CadastrarTeste" tests="1" failures="0" timestamp="2020-01-15T11:09:11 BRT" time="9.622" errors="0">
  <testcase name="cadastrando" time="9.622" classname="br.com.rsinet.hub_tdd.testes.CadastrarTeste"/>
</testsuite> <!-- br.com.rsinet.hub_tdd.testes.CadastrarTeste -->
