<?xml version="1.0" encoding="UTF-8"?>
<!-- Generated by org.testng.reporters.JUnitReportReporter -->
<testsuite skipped="0" hostname="RSI1548" name="br.com.rsinet.hub_tdd.testes.BuscaPelaTelaIncialTeste" tests="1" failures="0" timestamp="2020-01-16T20:14:20 BRT" time="30.395" errors="0">
  <testcase name="BuscandoTeste" time="30.395" classname="br.com.rsinet.hub_tdd.testes.BuscaPelaTelaIncialTeste"/>
</testsuite> <!-- br.com.rsinet.hub_tdd.testes.BuscaPelaTelaIncialTeste -->
