<?xml version="1.0" encoding="UTF-8"?>
<!-- Generated by org.testng.reporters.JUnitReportReporter -->
<testsuite skipped="0" hostname="RSI1548" name="br.com.rsinet.hub_tdd.testesPositivos.CenarioDeCadastroComSucesso" tests="1" failures="0" timestamp="2020-01-27T23:24:12 BRT" time="17.902" errors="0">
  <testcase name="deveCadastrarUmUsuarioComSucesso" time="17.902" classname="br.com.rsinet.hub_tdd.testesPositivos.CenarioDeCadastroComSucesso"/>
</testsuite> <!-- br.com.rsinet.hub_tdd.testesPositivos.CenarioDeCadastroComSucesso -->
