<?xml version="1.0" encoding="UTF-8"?>
<!-- Generated by org.testng.reporters.JUnitReportReporter -->
<testsuite skipped="0" hostname="RSI1548" name="br.com.rsinet.hub_tdd.reporter.ExtentReportDemo" tests="1" failures="0" timestamp="2020-01-17T14:14:47 BRT" time="0.317" errors="0">
  <testcase name="loginTest" time="0.317" classname="br.com.rsinet.hub_tdd.reporter.ExtentReportDemo"/>
</testsuite> <!-- br.com.rsinet.hub_tdd.reporter.ExtentReportDemo -->
