<?xml version="1.0" encoding="UTF-8"?>
<!-- Generated by org.testng.reporters.JUnitReportReporter -->
<testsuite skipped="0" hostname="RSI1548" name="br.com.rsinet.hub_tdd.testes.CenarioDeBuscaDeProdutoPelaLupaComErro" tests="1" failures="0" timestamp="2020-01-19T12:35:17 BRT" time="14.263" errors="0">
  <testcase name="deveBuscarUmProdutoPelaLupa" time="14.263" classname="br.com.rsinet.hub_tdd.testes.CenarioDeBuscaDeProdutoPelaLupaComErro"/>
</testsuite> <!-- br.com.rsinet.hub_tdd.testes.CenarioDeBuscaDeProdutoPelaLupaComErro -->
