<?xml version="1.0" encoding="UTF-8"?>
<!-- Generated by org.testng.reporters.JUnitReportReporter -->
<testsuite skipped="0" hostname="RSI1548" name="br.com.rsinet.hub_tdd.testesPositivos.CenarioDeCadastroComSucesso" tests="1" failures="0" timestamp="2020-01-21T23:11:06 BRT" time="14.073" errors="0">
  <testcase name="deveCadastrarUmUsuarioComSucesso" time="14.073" classname="br.com.rsinet.hub_tdd.testesPositivos.CenarioDeCadastroComSucesso"/>
</testsuite> <!-- br.com.rsinet.hub_tdd.testesPositivos.CenarioDeCadastroComSucesso -->
