<?xml version="1.0" encoding="UTF-8"?>
<!-- Generated by org.testng.reporters.JUnitReportReporter -->
<testsuite skipped="0" hostname="RSI1548" name="br.com.rsinet.hub_tdd.testesPositivos.CenarioDeBuscaDeProdutoPelaLupaComSucesso" tests="1" failures="0" timestamp="2020-01-24T19:41:48 BRT" time="18.263" errors="0">
  <testcase name="deveBuscarUmProdutoPelaLupa" time="18.263" classname="br.com.rsinet.hub_tdd.testesPositivos.CenarioDeBuscaDeProdutoPelaLupaComSucesso"/>
</testsuite> <!-- br.com.rsinet.hub_tdd.testesPositivos.CenarioDeBuscaDeProdutoPelaLupaComSucesso -->
