<?xml version="1.0" encoding="UTF-8"?>
<!-- Generated by org.testng.reporters.JUnitReportReporter -->
<testsuite skipped="0" hostname="RSI1548" name="br.com.rsinet.hub_tdd.testesPositivos.CenarioDeBuscaPelaTelaIncialComSucesso" tests="1" failures="0" timestamp="2020-01-19T13:30:50 BRT" time="16.947" errors="0">
  <testcase name="BuscandoTeste" time="16.947" classname="br.com.rsinet.hub_tdd.testesPositivos.CenarioDeBuscaPelaTelaIncialComSucesso"/>
</testsuite> <!-- br.com.rsinet.hub_tdd.testesPositivos.CenarioDeBuscaPelaTelaIncialComSucesso -->
